<?xml version="1.0" encoding="UTF-8"?>
<testng-results ignored="0" total="1" passed="1" failed="0" skipped="0">
  <reporter-output>
  </reporter-output>
  <suite started-at="2023-10-23T15:46:30 IST" name="Default suite" finished-at="2023-10-23T15:46:37 IST" duration-ms="7463">
    <groups>
    </groups>
    <test started-at="2023-10-23T15:46:30 IST" name="Default test" finished-at="2023-10-23T15:46:37 IST" duration-ms="7463">
      <class name="complicatedxpaths">
        <test-method signature="method2()[pri:0, instance:complicatedxpaths@1e6a3214]" started-at="2023-10-23T15:46:30 IST" name="method2" finished-at="2023-10-23T15:46:37 IST" duration-ms="7421" status="PASS">
          <reporter-output>
          </reporter-output>
        </test-method> <!-- method2 -->
      </class> <!-- complicatedxpaths -->
    </test> <!-- Default test -->
  </suite> <!-- Default suite -->
</testng-results>
